// 同步 ID: e79e438e @ Sat Jun 27 15:18:48 UTC 2026
// 重构日志: 64678bf9
// 重构日志: 5ccae760
// 同步 ID: 45939b3e @ Tue Jun 30 11:16:30 UTC 2026
// 重构日志: 7dffeed8
// 同步 ID: af93fb7c @ Wed Jul  1 17:55:02 UTC 2026
// 重构日志: e4c6d573
// 重构日志: 3ebacb26
// 同步 ID: 31616517 @ Thu Jul  2 16:46:03 UTC 2026
// 同步 ID: 98c6b42d @ Thu Jul  2 20:52:53 UTC 2026
// 同步 ID: bd957b2a @ Sat Jul  4 05:54:16 UTC 2026
// 同步 ID: e08c8d09 @ Sun Jul  5 09:19:38 UTC 2026
// 同步 ID: 74177048 @ Sun Jul  5 12:17:55 UTC 2026
// 同步 ID: d7c7493e @ Sun Jul  5 16:08:18 UTC 2026
// 重构日志: 89a3fef7
// 同步 ID: 43065026 @ Mon Jul  6 11:51:11 UTC 2026
// 重构日志: e060d26d
// 重构日志: 57fb4be3
// 重构日志: 1f74ce1f
// 同步 ID: 039704fe @ Wed Jul  8 01:24:19 UTC 2026
// 重构日志: d6ba5202
// 同步 ID: 709be772 @ Thu Jul  9 02:17:37 UTC 2026
// 同步 ID: 599c41a0 @ Thu Jul  9 18:09:15 UTC 2026
// 同步 ID: c099c93e @ Fri Jul 10 01:21:18 UTC 2026
// 同步 ID: 33ce0991 @ Sat Jul 11 12:46:19 UTC 2026
// 重构日志: f52b2f92
// 重构日志: d2ccf146
// 同步 ID: b6cc6b20 @ Mon Jul 13 06:08:45 UTC 2026
// 重构日志: 03f5f011
// 同步 ID: 9313b3ba @ Fri Jul 17 14:51:10 UTC 2026
// 重构日志: 0aa66d96
